                                      1 ;--------------------------------------------------------
                                      2 ; File Created by SDCC : free open source ANSI-C Compiler
                                      3 ; Version 4.0.4 #11941 (Mac OS X x86_64)
                                      4 ;--------------------------------------------------------
                                      5 	.module game
                                      6 	.optsdcc -mgbz80
                                      7 	
                                      8 ;--------------------------------------------------------
                                      9 ; Public variables in this module
                                     10 ;--------------------------------------------------------
                                     11 	.globl _animate_fire
                                     12 	.globl _init_sprites
                                     13 	.globl _init_map
                                     14 	.globl _perform_delay
                                     15 	.globl _game
                                     16 	.globl _init_game
                                     17 ;--------------------------------------------------------
                                     18 ; special function registers
                                     19 ;--------------------------------------------------------
                                     20 ;--------------------------------------------------------
                                     21 ; ram data
                                     22 ;--------------------------------------------------------
                                     23 	.area _DATA
                                     24 ;--------------------------------------------------------
                                     25 ; absolute external ram data
                                     26 ;--------------------------------------------------------
                                     27 	.area _DABS (ABS)
                                     28 ;--------------------------------------------------------
                                     29 ; global & static initialisations
                                     30 ;--------------------------------------------------------
                                     31 	.area _HOME
                                     32 	.area _GSINIT
                                     33 	.area _GSFINAL
                                     34 	.area _GSINIT
                                     35 ;--------------------------------------------------------
                                     36 ; Home
                                     37 ;--------------------------------------------------------
                                     38 	.area _HOME
                                     39 	.area _HOME
                                     40 ;--------------------------------------------------------
                                     41 ; code
                                     42 ;--------------------------------------------------------
                                     43 	.area _CODE
                                     44 ;src/game.c:9: void	animate_fire(void) {
                                     45 ;	---------------------------------
                                     46 ; Function animate_fire
                                     47 ; ---------------------------------
      000000                         48 _animate_fire::
                                     49 ;src/game.c:11: perform_delay(15);
      000000 3E 0F                   50 	ld	a, #0x0f
      000002 F5                      51 	push	af
      000003 33                      52 	inc	sp
      000004 CDr00r00                53 	call	_perform_delay
      000007 33                      54 	inc	sp
                                     55 ;src/../include/../gbdk2020/include/gb/gb.h:999: shadow_OAM[nb].tile=tile;
      000008 21r02r00                56 	ld	hl, #(_shadow_OAM + 0x0002)
      00000B 36 04                   57 	ld	(hl), #0x04
      00000D 21r06r00                58 	ld	hl, #(_shadow_OAM + 0x0006)
      000010 36 06                   59 	ld	(hl), #0x06
                                     60 ;src/game.c:14: perform_delay(15);
      000012 3E 0F                   61 	ld	a, #0x0f
      000014 F5                      62 	push	af
      000015 33                      63 	inc	sp
      000016 CDr00r00                64 	call	_perform_delay
      000019 33                      65 	inc	sp
                                     66 ;src/../include/../gbdk2020/include/gb/gb.h:999: shadow_OAM[nb].tile=tile;
      00001A 21r02r00                67 	ld	hl, #(_shadow_OAM + 0x0002)
      00001D 36 08                   68 	ld	(hl), #0x08
      00001F 21r06r00                69 	ld	hl, #(_shadow_OAM + 0x0006)
      000022 36 0A                   70 	ld	(hl), #0x0a
                                     71 ;src/game.c:17: perform_delay(15);
      000024 3E 0F                   72 	ld	a, #0x0f
      000026 F5                      73 	push	af
      000027 33                      74 	inc	sp
      000028 CDr00r00                75 	call	_perform_delay
      00002B 33                      76 	inc	sp
                                     77 ;src/../include/../gbdk2020/include/gb/gb.h:999: shadow_OAM[nb].tile=tile;
      00002C 21r02r00                78 	ld	hl, #(_shadow_OAM + 0x0002)
      00002F 36 0C                   79 	ld	(hl), #0x0c
      000031 21r06r00                80 	ld	hl, #(_shadow_OAM + 0x0006)
      000034 36 0E                   81 	ld	(hl), #0x0e
                                     82 ;src/game.c:20: perform_delay(15);
      000036 3E 0F                   83 	ld	a, #0x0f
      000038 F5                      84 	push	af
      000039 33                      85 	inc	sp
      00003A CDr00r00                86 	call	_perform_delay
      00003D 33                      87 	inc	sp
                                     88 ;src/../include/../gbdk2020/include/gb/gb.h:999: shadow_OAM[nb].tile=tile;
      00003E 21r02r00                89 	ld	hl, #(_shadow_OAM + 0x0002)
      000041 36 00                   90 	ld	(hl), #0x00
      000043 21r06r00                91 	ld	hl, #(_shadow_OAM + 0x0006)
      000046 36 02                   92 	ld	(hl), #0x02
                                     93 ;src/game.c:22: set_sprite_tile(1, 2);
                                     94 ;src/game.c:23: }
      000048 C9                      95 	ret
                                     96 ;src/game.c:25: void	game(s *fire, s*pl) {
                                     97 ;	---------------------------------
                                     98 ; Function game
                                     99 ; ---------------------------------
      000049                        100 _game::
                                    101 ;src/game.c:27: if (!fire->o)
      000049 C1                     102 	pop	bc
      00004A D1                     103 	pop	de
      00004B D5                     104 	push	de
      00004C C5                     105 	push	bc
      00004D 21 07 00               106 	ld	hl, #0x0007
      000050 19                     107 	add	hl, de
      000051 7E                     108 	ld	a, (hl)
      000052 B7                     109 	or	a, a
      000053 C2r00r00               110 	jp	NZ,_animate_fire
                                    111 ;src/game.c:28: init_sprites(fire, pl);
      000056 F8 04                  112 	ldhl	sp,	#4
      000058 2A                     113 	ld	a, (hl+)
      000059 66                     114 	ld	h, (hl)
      00005A 6F                     115 	ld	l, a
      00005B E5                     116 	push	hl
      00005C D5                     117 	push	de
      00005D CDr00r00               118 	call	_init_sprites
      000060 E8 04                  119 	add	sp, #4
                                    120 ;src/game.c:29: animate_fire();
                                    121 ;src/game.c:30: }
      000062 C3r00r00               122 	jp  _animate_fire
                                    123 ;src/game.c:32: void	init_game(void) {
                                    124 ;	---------------------------------
                                    125 ; Function init_game
                                    126 ; ---------------------------------
      000065                        127 _init_game::
                                    128 ;src/game.c:34: HIDE_BKG;
      000065 F0r00                  129 	ldh	a, (_LCDC_REG+0)
      000067 E6 FE                  130 	and	a, #0xfe
      000069 E0r00                  131 	ldh	(_LCDC_REG+0),a
                                    132 ;src/game.c:35: SHOW_SPRITES;
      00006B F0r00                  133 	ldh	a, (_LCDC_REG+0)
      00006D F6 02                  134 	or	a, #0x02
      00006F E0r00                  135 	ldh	(_LCDC_REG+0),a
                                    136 ;src/game.c:36: SPRITES_8x16;
      000071 F0r00                  137 	ldh	a, (_LCDC_REG+0)
      000073 F6 04                  138 	or	a, #0x04
      000075 E0r00                  139 	ldh	(_LCDC_REG+0),a
                                    140 ;src/game.c:37: init_map();
                                    141 ;src/game.c:38: }
      000077 C3r00r00               142 	jp  _init_map
                                    143 	.area _CODE
                                    144 	.area _CABS (ABS)
