                                      1 ;--------------------------------------------------------
                                      2 ; File Created by SDCC : free open source ANSI-C Compiler
                                      3 ; Version 4.0.4 #11941 (Mac OS X x86_64)
                                      4 ;--------------------------------------------------------
                                      5 	.module tilemap_splashscreen
                                      6 	.optsdcc -mgbz80
                                      7 	
                                      8 ;--------------------------------------------------------
                                      9 ; Public variables in this module
                                     10 ;--------------------------------------------------------
                                     11 	.globl _TILEMAPSP
                                     12 ;--------------------------------------------------------
                                     13 ; special function registers
                                     14 ;--------------------------------------------------------
                                     15 ;--------------------------------------------------------
                                     16 ; ram data
                                     17 ;--------------------------------------------------------
                                     18 	.area _DATA
                                     19 ;--------------------------------------------------------
                                     20 ; absolute external ram data
                                     21 ;--------------------------------------------------------
                                     22 	.area _DABS (ABS)
                                     23 ;--------------------------------------------------------
                                     24 ; global & static initialisations
                                     25 ;--------------------------------------------------------
                                     26 	.area _HOME
                                     27 	.area _GSINIT
                                     28 	.area _GSFINAL
                                     29 	.area _GSINIT
                                     30 ;--------------------------------------------------------
                                     31 ; Home
                                     32 ;--------------------------------------------------------
                                     33 	.area _HOME
                                     34 	.area _HOME
                                     35 ;--------------------------------------------------------
                                     36 ; code
                                     37 ;--------------------------------------------------------
                                     38 	.area _CODE
                                     39 	.area _CODE
      000000                         40 _TILEMAPSP:
      000000 00                      41 	.db #0x00	; 0
      000001 00                      42 	.db #0x00	; 0
      000002 00                      43 	.db #0x00	; 0
      000003 00                      44 	.db #0x00	; 0
      000004 00                      45 	.db #0x00	; 0
      000005 00                      46 	.db #0x00	; 0
      000006 00                      47 	.db #0x00	; 0
      000007 00                      48 	.db #0x00	; 0
      000008 00                      49 	.db #0x00	; 0
      000009 00                      50 	.db #0x00	; 0
      00000A 00                      51 	.db #0x00	; 0
      00000B 00                      52 	.db #0x00	; 0
      00000C 00                      53 	.db #0x00	; 0
      00000D 00                      54 	.db #0x00	; 0
      00000E 00                      55 	.db #0x00	; 0
      00000F 00                      56 	.db #0x00	; 0
      000010 00                      57 	.db #0x00	; 0
      000011 00                      58 	.db #0x00	; 0
      000012 00                      59 	.db #0x00	; 0
      000013 00                      60 	.db #0x00	; 0
      000014 00                      61 	.db #0x00	; 0
      000015 00                      62 	.db #0x00	; 0
      000016 00                      63 	.db #0x00	; 0
      000017 00                      64 	.db #0x00	; 0
      000018 01                      65 	.db #0x01	; 1
      000019 02                      66 	.db #0x02	; 2
      00001A 00                      67 	.db #0x00	; 0
      00001B 00                      68 	.db #0x00	; 0
      00001C 00                      69 	.db #0x00	; 0
      00001D 00                      70 	.db #0x00	; 0
      00001E 00                      71 	.db #0x00	; 0
      00001F 00                      72 	.db #0x00	; 0
      000020 00                      73 	.db #0x00	; 0
      000021 00                      74 	.db #0x00	; 0
      000022 03                      75 	.db #0x03	; 3
      000023 04                      76 	.db #0x04	; 4
      000024 00                      77 	.db #0x00	; 0
      000025 00                      78 	.db #0x00	; 0
      000026 00                      79 	.db #0x00	; 0
      000027 00                      80 	.db #0x00	; 0
      000028 00                      81 	.db #0x00	; 0
      000029 00                      82 	.db #0x00	; 0
      00002A 00                      83 	.db #0x00	; 0
      00002B 00                      84 	.db #0x00	; 0
      00002C 05                      85 	.db #0x05	; 5
      00002D 06                      86 	.db #0x06	; 6
      00002E 07                      87 	.db #0x07	; 7
      00002F 00                      88 	.db #0x00	; 0
      000030 00                      89 	.db #0x00	; 0
      000031 00                      90 	.db #0x00	; 0
      000032 00                      91 	.db #0x00	; 0
      000033 00                      92 	.db #0x00	; 0
      000034 00                      93 	.db #0x00	; 0
      000035 08                      94 	.db #0x08	; 8
      000036 09                      95 	.db #0x09	; 9
      000037 0A                      96 	.db #0x0a	; 10
      000038 00                      97 	.db #0x00	; 0
      000039 00                      98 	.db #0x00	; 0
      00003A 00                      99 	.db #0x00	; 0
      00003B 00                     100 	.db #0x00	; 0
      00003C 00                     101 	.db #0x00	; 0
      00003D 00                     102 	.db #0x00	; 0
      00003E 00                     103 	.db #0x00	; 0
      00003F 00                     104 	.db #0x00	; 0
      000040 0B                     105 	.db #0x0b	; 11
      000041 0C                     106 	.db #0x0c	; 12
      000042 0D                     107 	.db #0x0d	; 13
      000043 0E                     108 	.db #0x0e	; 14
      000044 0F                     109 	.db #0x0f	; 15
      000045 0F                     110 	.db #0x0f	; 15
      000046 0F                     111 	.db #0x0f	; 15
      000047 0F                     112 	.db #0x0f	; 15
      000048 10                     113 	.db #0x10	; 16
      000049 11                     114 	.db #0x11	; 17
      00004A 12                     115 	.db #0x12	; 18
      00004B 13                     116 	.db #0x13	; 19
      00004C 00                     117 	.db #0x00	; 0
      00004D 00                     118 	.db #0x00	; 0
      00004E 00                     119 	.db #0x00	; 0
      00004F 00                     120 	.db #0x00	; 0
      000050 00                     121 	.db #0x00	; 0
      000051 00                     122 	.db #0x00	; 0
      000052 00                     123 	.db #0x00	; 0
      000053 00                     124 	.db #0x00	; 0
      000054 00                     125 	.db #0x00	; 0
      000055 14                     126 	.db #0x14	; 20
      000056 15                     127 	.db #0x15	; 21
      000057 15                     128 	.db #0x15	; 21
      000058 16                     129 	.db #0x16	; 22
      000059 17                     130 	.db #0x17	; 23
      00005A 18                     131 	.db #0x18	; 24
      00005B 19                     132 	.db #0x19	; 25
      00005C 15                     133 	.db #0x15	; 21
      00005D 15                     134 	.db #0x15	; 21
      00005E 1A                     135 	.db #0x1a	; 26
      00005F 00                     136 	.db #0x00	; 0
      000060 00                     137 	.db #0x00	; 0
      000061 00                     138 	.db #0x00	; 0
      000062 00                     139 	.db #0x00	; 0
      000063 00                     140 	.db #0x00	; 0
      000064 00                     141 	.db #0x00	; 0
      000065 00                     142 	.db #0x00	; 0
      000066 00                     143 	.db #0x00	; 0
      000067 00                     144 	.db #0x00	; 0
      000068 00                     145 	.db #0x00	; 0
      000069 1B                     146 	.db #0x1b	; 27
      00006A 1C                     147 	.db #0x1c	; 28
      00006B 1D                     148 	.db #0x1d	; 29
      00006C 1E                     149 	.db #0x1e	; 30
      00006D 1F                     150 	.db #0x1f	; 31
      00006E 1F                     151 	.db #0x1f	; 31
      00006F 20                     152 	.db #0x20	; 32
      000070 21                     153 	.db #0x21	; 33
      000071 22                     154 	.db #0x22	; 34
      000072 23                     155 	.db #0x23	; 35
      000073 00                     156 	.db #0x00	; 0
      000074 00                     157 	.db #0x00	; 0
      000075 00                     158 	.db #0x00	; 0
      000076 00                     159 	.db #0x00	; 0
      000077 00                     160 	.db #0x00	; 0
      000078 00                     161 	.db #0x00	; 0
      000079 00                     162 	.db #0x00	; 0
      00007A 00                     163 	.db #0x00	; 0
      00007B 00                     164 	.db #0x00	; 0
      00007C 24                     165 	.db #0x24	; 36
      00007D 25                     166 	.db #0x25	; 37
      00007E 26                     167 	.db #0x26	; 38
      00007F 27                     168 	.db #0x27	; 39
      000080 28                     169 	.db #0x28	; 40
      000081 29                     170 	.db #0x29	; 41
      000082 2A                     171 	.db #0x2a	; 42
      000083 2B                     172 	.db #0x2b	; 43
      000084 2C                     173 	.db #0x2c	; 44
      000085 2D                     174 	.db #0x2d	; 45
      000086 2E                     175 	.db #0x2e	; 46
      000087 2F                     176 	.db #0x2f	; 47
      000088 00                     177 	.db #0x00	; 0
      000089 00                     178 	.db #0x00	; 0
      00008A 00                     179 	.db #0x00	; 0
      00008B 00                     180 	.db #0x00	; 0
      00008C 00                     181 	.db #0x00	; 0
      00008D 00                     182 	.db #0x00	; 0
      00008E 00                     183 	.db #0x00	; 0
      00008F 00                     184 	.db #0x00	; 0
      000090 30                     185 	.db #0x30	; 48	'0'
      000091 31                     186 	.db #0x31	; 49	'1'
      000092 32                     187 	.db #0x32	; 50	'2'
      000093 33                     188 	.db #0x33	; 51	'3'
      000094 34                     189 	.db #0x34	; 52	'4'
      000095 35                     190 	.db #0x35	; 53	'5'
      000096 36                     191 	.db #0x36	; 54	'6'
      000097 37                     192 	.db #0x37	; 55	'7'
      000098 38                     193 	.db #0x38	; 56	'8'
      000099 39                     194 	.db #0x39	; 57	'9'
      00009A 3A                     195 	.db #0x3a	; 58
      00009B 3B                     196 	.db #0x3b	; 59
      00009C 00                     197 	.db #0x00	; 0
      00009D 00                     198 	.db #0x00	; 0
      00009E 00                     199 	.db #0x00	; 0
      00009F 00                     200 	.db #0x00	; 0
      0000A0 00                     201 	.db #0x00	; 0
      0000A1 00                     202 	.db #0x00	; 0
      0000A2 00                     203 	.db #0x00	; 0
      0000A3 00                     204 	.db #0x00	; 0
      0000A4 00                     205 	.db #0x00	; 0
      0000A5 3C                     206 	.db #0x3c	; 60
      0000A6 3D                     207 	.db #0x3d	; 61
      0000A7 3E                     208 	.db #0x3e	; 62
      0000A8 3F                     209 	.db #0x3f	; 63
      0000A9 40                     210 	.db #0x40	; 64
      0000AA 41                     211 	.db #0x41	; 65	'A'
      0000AB 42                     212 	.db #0x42	; 66	'B'
      0000AC 3E                     213 	.db #0x3e	; 62
      0000AD 43                     214 	.db #0x43	; 67	'C'
      0000AE 44                     215 	.db #0x44	; 68	'D'
      0000AF 00                     216 	.db #0x00	; 0
      0000B0 00                     217 	.db #0x00	; 0
      0000B1 00                     218 	.db #0x00	; 0
      0000B2 00                     219 	.db #0x00	; 0
      0000B3 00                     220 	.db #0x00	; 0
      0000B4 00                     221 	.db #0x00	; 0
      0000B5 00                     222 	.db #0x00	; 0
      0000B6 00                     223 	.db #0x00	; 0
      0000B7 00                     224 	.db #0x00	; 0
      0000B8 00                     225 	.db #0x00	; 0
      0000B9 00                     226 	.db #0x00	; 0
      0000BA 45                     227 	.db #0x45	; 69	'E'
      0000BB 46                     228 	.db #0x46	; 70	'F'
      0000BC 47                     229 	.db #0x47	; 71	'G'
      0000BD 48                     230 	.db #0x48	; 72	'H'
      0000BE 49                     231 	.db #0x49	; 73	'I'
      0000BF 4A                     232 	.db #0x4a	; 74	'J'
      0000C0 4B                     233 	.db #0x4b	; 75	'K'
      0000C1 4C                     234 	.db #0x4c	; 76	'L'
      0000C2 00                     235 	.db #0x00	; 0
      0000C3 00                     236 	.db #0x00	; 0
      0000C4 00                     237 	.db #0x00	; 0
      0000C5 00                     238 	.db #0x00	; 0
      0000C6 00                     239 	.db #0x00	; 0
      0000C7 00                     240 	.db #0x00	; 0
      0000C8 00                     241 	.db #0x00	; 0
      0000C9 00                     242 	.db #0x00	; 0
      0000CA 00                     243 	.db #0x00	; 0
      0000CB 00                     244 	.db #0x00	; 0
      0000CC 00                     245 	.db #0x00	; 0
      0000CD 00                     246 	.db #0x00	; 0
      0000CE 00                     247 	.db #0x00	; 0
      0000CF 00                     248 	.db #0x00	; 0
      0000D0 4D                     249 	.db #0x4d	; 77	'M'
      0000D1 4E                     250 	.db #0x4e	; 78	'N'
      0000D2 4F                     251 	.db #0x4f	; 79	'O'
      0000D3 50                     252 	.db #0x50	; 80	'P'
      0000D4 00                     253 	.db #0x00	; 0
      0000D5 00                     254 	.db #0x00	; 0
      0000D6 00                     255 	.db #0x00	; 0
      0000D7 00                     256 	.db #0x00	; 0
      0000D8 00                     257 	.db #0x00	; 0
      0000D9 00                     258 	.db #0x00	; 0
      0000DA 00                     259 	.db #0x00	; 0
      0000DB 00                     260 	.db #0x00	; 0
      0000DC 00                     261 	.db #0x00	; 0
      0000DD 00                     262 	.db #0x00	; 0
      0000DE 00                     263 	.db #0x00	; 0
      0000DF 00                     264 	.db #0x00	; 0
      0000E0 00                     265 	.db #0x00	; 0
      0000E1 00                     266 	.db #0x00	; 0
      0000E2 00                     267 	.db #0x00	; 0
      0000E3 00                     268 	.db #0x00	; 0
      0000E4 00                     269 	.db #0x00	; 0
      0000E5 00                     270 	.db #0x00	; 0
      0000E6 00                     271 	.db #0x00	; 0
      0000E7 00                     272 	.db #0x00	; 0
      0000E8 00                     273 	.db #0x00	; 0
      0000E9 00                     274 	.db #0x00	; 0
      0000EA 00                     275 	.db #0x00	; 0
      0000EB 00                     276 	.db #0x00	; 0
      0000EC 00                     277 	.db #0x00	; 0
      0000ED 00                     278 	.db #0x00	; 0
      0000EE 00                     279 	.db #0x00	; 0
      0000EF 00                     280 	.db #0x00	; 0
      0000F0 00                     281 	.db #0x00	; 0
      0000F1 51                     282 	.db #0x51	; 81	'Q'
      0000F2 52                     283 	.db #0x52	; 82	'R'
      0000F3 53                     284 	.db #0x53	; 83	'S'
      0000F4 54                     285 	.db #0x54	; 84	'T'
      0000F5 55                     286 	.db #0x55	; 85	'U'
      0000F6 56                     287 	.db #0x56	; 86	'V'
      0000F7 57                     288 	.db #0x57	; 87	'W'
      0000F8 58                     289 	.db #0x58	; 88	'X'
      0000F9 59                     290 	.db #0x59	; 89	'Y'
      0000FA 5A                     291 	.db #0x5a	; 90	'Z'
      0000FB 5B                     292 	.db #0x5b	; 91
      0000FC 5C                     293 	.db #0x5c	; 92
      0000FD 5D                     294 	.db #0x5d	; 93
      0000FE 5E                     295 	.db #0x5e	; 94
      0000FF 5F                     296 	.db #0x5f	; 95
      000100 60                     297 	.db #0x60	; 96
      000101 61                     298 	.db #0x61	; 97	'a'
      000102 62                     299 	.db #0x62	; 98	'b'
      000103 00                     300 	.db #0x00	; 0
      000104 00                     301 	.db #0x00	; 0
      000105 63                     302 	.db #0x63	; 99	'c'
      000106 64                     303 	.db #0x64	; 100	'd'
      000107 65                     304 	.db #0x65	; 101	'e'
      000108 66                     305 	.db #0x66	; 102	'f'
      000109 67                     306 	.db #0x67	; 103	'g'
      00010A 68                     307 	.db #0x68	; 104	'h'
      00010B 69                     308 	.db #0x69	; 105	'i'
      00010C 6A                     309 	.db #0x6a	; 106	'j'
      00010D 6B                     310 	.db #0x6b	; 107	'k'
      00010E 6C                     311 	.db #0x6c	; 108	'l'
      00010F 6D                     312 	.db #0x6d	; 109	'm'
      000110 6E                     313 	.db #0x6e	; 110	'n'
      000111 6F                     314 	.db #0x6f	; 111	'o'
      000112 70                     315 	.db #0x70	; 112	'p'
      000113 71                     316 	.db #0x71	; 113	'q'
      000114 72                     317 	.db #0x72	; 114	'r'
      000115 73                     318 	.db #0x73	; 115	's'
      000116 74                     319 	.db #0x74	; 116	't'
      000117 00                     320 	.db #0x00	; 0
      000118 00                     321 	.db #0x00	; 0
      000119 00                     322 	.db #0x00	; 0
      00011A 00                     323 	.db #0x00	; 0
      00011B 00                     324 	.db #0x00	; 0
      00011C 75                     325 	.db #0x75	; 117	'u'
      00011D 76                     326 	.db #0x76	; 118	'v'
      00011E 77                     327 	.db #0x77	; 119	'w'
      00011F 78                     328 	.db #0x78	; 120	'x'
      000120 79                     329 	.db #0x79	; 121	'y'
      000121 7A                     330 	.db #0x7a	; 122	'z'
      000122 7B                     331 	.db #0x7b	; 123
      000123 7C                     332 	.db #0x7c	; 124
      000124 7D                     333 	.db #0x7d	; 125
      000125 7E                     334 	.db #0x7e	; 126
      000126 7F                     335 	.db #0x7f	; 127
      000127 80                     336 	.db #0x80	; 128
      000128 00                     337 	.db #0x00	; 0
      000129 00                     338 	.db #0x00	; 0
      00012A 00                     339 	.db #0x00	; 0
      00012B 00                     340 	.db #0x00	; 0
      00012C 00                     341 	.db #0x00	; 0
      00012D 00                     342 	.db #0x00	; 0
      00012E 00                     343 	.db #0x00	; 0
      00012F 00                     344 	.db #0x00	; 0
      000130 81                     345 	.db #0x81	; 129
      000131 82                     346 	.db #0x82	; 130
      000132 83                     347 	.db #0x83	; 131
      000133 84                     348 	.db #0x84	; 132
      000134 85                     349 	.db #0x85	; 133
      000135 86                     350 	.db #0x86	; 134
      000136 87                     351 	.db #0x87	; 135
      000137 88                     352 	.db #0x88	; 136
      000138 89                     353 	.db #0x89	; 137
      000139 8A                     354 	.db #0x8a	; 138
      00013A 8B                     355 	.db #0x8b	; 139
      00013B 00                     356 	.db #0x00	; 0
      00013C 00                     357 	.db #0x00	; 0
      00013D 00                     358 	.db #0x00	; 0
      00013E 00                     359 	.db #0x00	; 0
      00013F 00                     360 	.db #0x00	; 0
      000140 00                     361 	.db #0x00	; 0
      000141 00                     362 	.db #0x00	; 0
      000142 00                     363 	.db #0x00	; 0
      000143 00                     364 	.db #0x00	; 0
      000144 00                     365 	.db #0x00	; 0
      000145 00                     366 	.db #0x00	; 0
      000146 00                     367 	.db #0x00	; 0
      000147 00                     368 	.db #0x00	; 0
      000148 00                     369 	.db #0x00	; 0
      000149 00                     370 	.db #0x00	; 0
      00014A 00                     371 	.db #0x00	; 0
      00014B 00                     372 	.db #0x00	; 0
      00014C 00                     373 	.db #0x00	; 0
      00014D 00                     374 	.db #0x00	; 0
      00014E 00                     375 	.db #0x00	; 0
      00014F 00                     376 	.db #0x00	; 0
      000150 00                     377 	.db #0x00	; 0
      000151 00                     378 	.db #0x00	; 0
      000152 00                     379 	.db #0x00	; 0
      000153 00                     380 	.db #0x00	; 0
      000154 00                     381 	.db #0x00	; 0
      000155 00                     382 	.db #0x00	; 0
      000156 00                     383 	.db #0x00	; 0
      000157 00                     384 	.db #0x00	; 0
      000158 00                     385 	.db #0x00	; 0
      000159 00                     386 	.db #0x00	; 0
      00015A 00                     387 	.db #0x00	; 0
      00015B 00                     388 	.db #0x00	; 0
      00015C 00                     389 	.db #0x00	; 0
      00015D 00                     390 	.db #0x00	; 0
      00015E 00                     391 	.db #0x00	; 0
      00015F 00                     392 	.db #0x00	; 0
      000160 00                     393 	.db #0x00	; 0
      000161 00                     394 	.db #0x00	; 0
      000162 00                     395 	.db #0x00	; 0
      000163 00                     396 	.db #0x00	; 0
      000164 00                     397 	.db #0x00	; 0
      000165 00                     398 	.db #0x00	; 0
      000166 00                     399 	.db #0x00	; 0
      000167 00                     400 	.db #0x00	; 0
                                    401 	.area _CABS (ABS)
