                                      1 ;--------------------------------------------------------
                                      2 ; File Created by SDCC : free open source ANSI-C Compiler
                                      3 ; Version 4.0.4 #11941 (Mac OS X x86_64)
                                      4 ;--------------------------------------------------------
                                      5 	.module titleMapScreen
                                      6 	.optsdcc -mgbz80
                                      7 	
                                      8 ;--------------------------------------------------------
                                      9 ; Public variables in this module
                                     10 ;--------------------------------------------------------
                                     11 	.globl _TILEMAP_SCREEN
                                     12 ;--------------------------------------------------------
                                     13 ; special function registers
                                     14 ;--------------------------------------------------------
                                     15 ;--------------------------------------------------------
                                     16 ; ram data
                                     17 ;--------------------------------------------------------
                                     18 	.area _DATA
                                     19 ;--------------------------------------------------------
                                     20 ; absolute external ram data
                                     21 ;--------------------------------------------------------
                                     22 	.area _DABS (ABS)
                                     23 ;--------------------------------------------------------
                                     24 ; global & static initialisations
                                     25 ;--------------------------------------------------------
                                     26 	.area _HOME
                                     27 	.area _GSINIT
                                     28 	.area _GSFINAL
                                     29 	.area _GSINIT
                                     30 ;--------------------------------------------------------
                                     31 ; Home
                                     32 ;--------------------------------------------------------
                                     33 	.area _HOME
                                     34 	.area _HOME
                                     35 ;--------------------------------------------------------
                                     36 ; code
                                     37 ;--------------------------------------------------------
                                     38 	.area _CODE
                                     39 	.area _CODE
      000000                         40 _TILEMAP_SCREEN:
      000000 00                      41 	.db #0x00	; 0
      000001 00                      42 	.db #0x00	; 0
      000002 00                      43 	.db #0x00	; 0
      000003 00                      44 	.db #0x00	; 0
      000004 00                      45 	.db #0x00	; 0
      000005 00                      46 	.db #0x00	; 0
      000006 00                      47 	.db #0x00	; 0
      000007 00                      48 	.db #0x00	; 0
      000008 00                      49 	.db #0x00	; 0
      000009 00                      50 	.db #0x00	; 0
      00000A 00                      51 	.db #0x00	; 0
      00000B 00                      52 	.db #0x00	; 0
      00000C 00                      53 	.db #0x00	; 0
      00000D 00                      54 	.db #0x00	; 0
      00000E 00                      55 	.db #0x00	; 0
      00000F 00                      56 	.db #0x00	; 0
      000010 00                      57 	.db #0x00	; 0
      000011 00                      58 	.db #0x00	; 0
      000012 00                      59 	.db #0x00	; 0
      000013 00                      60 	.db #0x00	; 0
      000014 00                      61 	.db #0x00	; 0
      000015 00                      62 	.db #0x00	; 0
      000016 01                      63 	.db #0x01	; 1
      000017 02                      64 	.db #0x02	; 2
      000018 03                      65 	.db #0x03	; 3
      000019 04                      66 	.db #0x04	; 4
      00001A 05                      67 	.db #0x05	; 5
      00001B 06                      68 	.db #0x06	; 6
      00001C 07                      69 	.db #0x07	; 7
      00001D 08                      70 	.db #0x08	; 8
      00001E 09                      71 	.db #0x09	; 9
      00001F 0A                      72 	.db #0x0a	; 10
      000020 00                      73 	.db #0x00	; 0
      000021 0B                      74 	.db #0x0b	; 11
      000022 0C                      75 	.db #0x0c	; 12
      000023 0D                      76 	.db #0x0d	; 13
      000024 0E                      77 	.db #0x0e	; 14
      000025 0F                      78 	.db #0x0f	; 15
      000026 00                      79 	.db #0x00	; 0
      000027 00                      80 	.db #0x00	; 0
      000028 00                      81 	.db #0x00	; 0
      000029 00                      82 	.db #0x00	; 0
      00002A 10                      83 	.db #0x10	; 16
      00002B 11                      84 	.db #0x11	; 17
      00002C 12                      85 	.db #0x12	; 18
      00002D 13                      86 	.db #0x13	; 19
      00002E 14                      87 	.db #0x14	; 20
      00002F 15                      88 	.db #0x15	; 21
      000030 16                      89 	.db #0x16	; 22
      000031 17                      90 	.db #0x17	; 23
      000032 18                      91 	.db #0x18	; 24
      000033 19                      92 	.db #0x19	; 25
      000034 00                      93 	.db #0x00	; 0
      000035 1A                      94 	.db #0x1a	; 26
      000036 1B                      95 	.db #0x1b	; 27
      000037 1C                      96 	.db #0x1c	; 28
      000038 1D                      97 	.db #0x1d	; 29
      000039 1E                      98 	.db #0x1e	; 30
      00003A 00                      99 	.db #0x00	; 0
      00003B 00                     100 	.db #0x00	; 0
      00003C 00                     101 	.db #0x00	; 0
      00003D 00                     102 	.db #0x00	; 0
      00003E 00                     103 	.db #0x00	; 0
      00003F 00                     104 	.db #0x00	; 0
      000040 1F                     105 	.db #0x1f	; 31
      000041 20                     106 	.db #0x20	; 32
      000042 21                     107 	.db #0x21	; 33
      000043 22                     108 	.db #0x22	; 34
      000044 23                     109 	.db #0x23	; 35
      000045 24                     110 	.db #0x24	; 36
      000046 25                     111 	.db #0x25	; 37
      000047 26                     112 	.db #0x26	; 38
      000048 27                     113 	.db #0x27	; 39
      000049 28                     114 	.db #0x28	; 40
      00004A 29                     115 	.db #0x29	; 41
      00004B 2A                     116 	.db #0x2a	; 42
      00004C 2B                     117 	.db #0x2b	; 43
      00004D 00                     118 	.db #0x00	; 0
      00004E 00                     119 	.db #0x00	; 0
      00004F 00                     120 	.db #0x00	; 0
      000050 00                     121 	.db #0x00	; 0
      000051 00                     122 	.db #0x00	; 0
      000052 00                     123 	.db #0x00	; 0
      000053 00                     124 	.db #0x00	; 0
      000054 2C                     125 	.db #0x2c	; 44
      000055 2D                     126 	.db #0x2d	; 45
      000056 2E                     127 	.db #0x2e	; 46
      000057 2F                     128 	.db #0x2f	; 47
      000058 30                     129 	.db #0x30	; 48	'0'
      000059 31                     130 	.db #0x31	; 49	'1'
      00005A 32                     131 	.db #0x32	; 50	'2'
      00005B 33                     132 	.db #0x33	; 51	'3'
      00005C 34                     133 	.db #0x34	; 52	'4'
      00005D 35                     134 	.db #0x35	; 53	'5'
      00005E 36                     135 	.db #0x36	; 54	'6'
      00005F 37                     136 	.db #0x37	; 55	'7'
      000060 38                     137 	.db #0x38	; 56	'8'
      000061 00                     138 	.db #0x00	; 0
      000062 00                     139 	.db #0x00	; 0
      000063 00                     140 	.db #0x00	; 0
      000064 00                     141 	.db #0x00	; 0
      000065 00                     142 	.db #0x00	; 0
      000066 00                     143 	.db #0x00	; 0
      000067 00                     144 	.db #0x00	; 0
      000068 00                     145 	.db #0x00	; 0
      000069 00                     146 	.db #0x00	; 0
      00006A 00                     147 	.db #0x00	; 0
      00006B 00                     148 	.db #0x00	; 0
      00006C 00                     149 	.db #0x00	; 0
      00006D 39                     150 	.db #0x39	; 57	'9'
      00006E 3A                     151 	.db #0x3a	; 58
      00006F 3B                     152 	.db #0x3b	; 59
      000070 3C                     153 	.db #0x3c	; 60
      000071 3D                     154 	.db #0x3d	; 61
      000072 3E                     155 	.db #0x3e	; 62
      000073 3F                     156 	.db #0x3f	; 63
      000074 40                     157 	.db #0x40	; 64
      000075 00                     158 	.db #0x00	; 0
      000076 00                     159 	.db #0x00	; 0
      000077 00                     160 	.db #0x00	; 0
      000078 00                     161 	.db #0x00	; 0
      000079 00                     162 	.db #0x00	; 0
      00007A 00                     163 	.db #0x00	; 0
      00007B 00                     164 	.db #0x00	; 0
      00007C 00                     165 	.db #0x00	; 0
      00007D 00                     166 	.db #0x00	; 0
      00007E 41                     167 	.db #0x41	; 65	'A'
      00007F 42                     168 	.db #0x42	; 66	'B'
      000080 43                     169 	.db #0x43	; 67	'C'
      000081 44                     170 	.db #0x44	; 68	'D'
      000082 45                     171 	.db #0x45	; 69	'E'
      000083 3C                     172 	.db #0x3c	; 60
      000084 46                     173 	.db #0x46	; 70	'F'
      000085 47                     174 	.db #0x47	; 71	'G'
      000086 48                     175 	.db #0x48	; 72	'H'
      000087 49                     176 	.db #0x49	; 73	'I'
      000088 4A                     177 	.db #0x4a	; 74	'J'
      000089 00                     178 	.db #0x00	; 0
      00008A 00                     179 	.db #0x00	; 0
      00008B 00                     180 	.db #0x00	; 0
      00008C 00                     181 	.db #0x00	; 0
      00008D 00                     182 	.db #0x00	; 0
      00008E 00                     183 	.db #0x00	; 0
      00008F 4B                     184 	.db #0x4b	; 75	'K'
      000090 00                     185 	.db #0x00	; 0
      000091 4C                     186 	.db #0x4c	; 76	'L'
      000092 4D                     187 	.db #0x4d	; 77	'M'
      000093 4E                     188 	.db #0x4e	; 78	'N'
      000094 4F                     189 	.db #0x4f	; 79	'O'
      000095 50                     190 	.db #0x50	; 80	'P'
      000096 51                     191 	.db #0x51	; 81	'Q'
      000097 3C                     192 	.db #0x3c	; 60
      000098 3C                     193 	.db #0x3c	; 60
      000099 52                     194 	.db #0x52	; 82	'R'
      00009A 53                     195 	.db #0x53	; 83	'S'
      00009B 54                     196 	.db #0x54	; 84	'T'
      00009C 55                     197 	.db #0x55	; 85	'U'
      00009D 56                     198 	.db #0x56	; 86	'V'
      00009E 57                     199 	.db #0x57	; 87	'W'
      00009F 00                     200 	.db #0x00	; 0
      0000A0 00                     201 	.db #0x00	; 0
      0000A1 00                     202 	.db #0x00	; 0
      0000A2 58                     203 	.db #0x58	; 88	'X'
      0000A3 59                     204 	.db #0x59	; 89	'Y'
      0000A4 5A                     205 	.db #0x5a	; 90	'Z'
      0000A5 5B                     206 	.db #0x5b	; 91
      0000A6 5C                     207 	.db #0x5c	; 92
      0000A7 5D                     208 	.db #0x5d	; 93
      0000A8 5E                     209 	.db #0x5e	; 94
      0000A9 5F                     210 	.db #0x5f	; 95
      0000AA 60                     211 	.db #0x60	; 96
      0000AB 61                     212 	.db #0x61	; 97	'a'
      0000AC 62                     213 	.db #0x62	; 98	'b'
      0000AD 63                     214 	.db #0x63	; 99	'c'
      0000AE 64                     215 	.db #0x64	; 100	'd'
      0000AF 65                     216 	.db #0x65	; 101	'e'
      0000B0 3C                     217 	.db #0x3c	; 60
      0000B1 66                     218 	.db #0x66	; 102	'f'
      0000B2 67                     219 	.db #0x67	; 103	'g'
      0000B3 00                     220 	.db #0x00	; 0
      0000B4 00                     221 	.db #0x00	; 0
      0000B5 00                     222 	.db #0x00	; 0
      0000B6 68                     223 	.db #0x68	; 104	'h'
      0000B7 69                     224 	.db #0x69	; 105	'i'
      0000B8 6A                     225 	.db #0x6a	; 106	'j'
      0000B9 6B                     226 	.db #0x6b	; 107	'k'
      0000BA 6C                     227 	.db #0x6c	; 108	'l'
      0000BB 6D                     228 	.db #0x6d	; 109	'm'
      0000BC 6E                     229 	.db #0x6e	; 110	'n'
      0000BD 00                     230 	.db #0x00	; 0
      0000BE 00                     231 	.db #0x00	; 0
      0000BF 6F                     232 	.db #0x6f	; 111	'o'
      0000C0 70                     233 	.db #0x70	; 112	'p'
      0000C1 71                     234 	.db #0x71	; 113	'q'
      0000C2 72                     235 	.db #0x72	; 114	'r'
      0000C3 3C                     236 	.db #0x3c	; 60
      0000C4 73                     237 	.db #0x73	; 115	's'
      0000C5 74                     238 	.db #0x74	; 116	't'
      0000C6 75                     239 	.db #0x75	; 117	'u'
      0000C7 00                     240 	.db #0x00	; 0
      0000C8 00                     241 	.db #0x00	; 0
      0000C9 00                     242 	.db #0x00	; 0
      0000CA 76                     243 	.db #0x76	; 118	'v'
      0000CB 77                     244 	.db #0x77	; 119	'w'
      0000CC 78                     245 	.db #0x78	; 120	'x'
      0000CD 79                     246 	.db #0x79	; 121	'y'
      0000CE 7A                     247 	.db #0x7a	; 122	'z'
      0000CF 7B                     248 	.db #0x7b	; 123
      0000D0 7C                     249 	.db #0x7c	; 124
      0000D1 7D                     250 	.db #0x7d	; 125
      0000D2 00                     251 	.db #0x00	; 0
      0000D3 7E                     252 	.db #0x7e	; 126
      0000D4 7F                     253 	.db #0x7f	; 127
      0000D5 80                     254 	.db #0x80	; 128
      0000D6 81                     255 	.db #0x81	; 129
      0000D7 82                     256 	.db #0x82	; 130
      0000D8 83                     257 	.db #0x83	; 131
      0000D9 84                     258 	.db #0x84	; 132
      0000DA 85                     259 	.db #0x85	; 133
      0000DB 00                     260 	.db #0x00	; 0
      0000DC 00                     261 	.db #0x00	; 0
      0000DD 00                     262 	.db #0x00	; 0
      0000DE 86                     263 	.db #0x86	; 134
      0000DF 87                     264 	.db #0x87	; 135
      0000E0 88                     265 	.db #0x88	; 136
      0000E1 89                     266 	.db #0x89	; 137
      0000E2 8A                     267 	.db #0x8a	; 138
      0000E3 8B                     268 	.db #0x8b	; 139
      0000E4 00                     269 	.db #0x00	; 0
      0000E5 8C                     270 	.db #0x8c	; 140
      0000E6 8D                     271 	.db #0x8d	; 141
      0000E7 8E                     272 	.db #0x8e	; 142
      0000E8 8F                     273 	.db #0x8f	; 143
      0000E9 90                     274 	.db #0x90	; 144
      0000EA 91                     275 	.db #0x91	; 145
      0000EB 3C                     276 	.db #0x3c	; 60
      0000EC 92                     277 	.db #0x92	; 146
      0000ED 00                     278 	.db #0x00	; 0
      0000EE 93                     279 	.db #0x93	; 147
      0000EF 00                     280 	.db #0x00	; 0
      0000F0 00                     281 	.db #0x00	; 0
      0000F1 00                     282 	.db #0x00	; 0
      0000F2 94                     283 	.db #0x94	; 148
      0000F3 95                     284 	.db #0x95	; 149
      0000F4 3C                     285 	.db #0x3c	; 60
      0000F5 96                     286 	.db #0x96	; 150
      0000F6 97                     287 	.db #0x97	; 151
      0000F7 98                     288 	.db #0x98	; 152
      0000F8 99                     289 	.db #0x99	; 153
      0000F9 9A                     290 	.db #0x9a	; 154
      0000FA 9B                     291 	.db #0x9b	; 155
      0000FB 9C                     292 	.db #0x9c	; 156
      0000FC 9D                     293 	.db #0x9d	; 157
      0000FD 9E                     294 	.db #0x9e	; 158
      0000FE 00                     295 	.db #0x00	; 0
      0000FF 9F                     296 	.db #0x9f	; 159
      000100 A0                     297 	.db #0xa0	; 160
      000101 A1                     298 	.db #0xa1	; 161
      000102 A2                     299 	.db #0xa2	; 162
      000103 00                     300 	.db #0x00	; 0
      000104 00                     301 	.db #0x00	; 0
      000105 00                     302 	.db #0x00	; 0
      000106 00                     303 	.db #0x00	; 0
      000107 A3                     304 	.db #0xa3	; 163
      000108 3C                     305 	.db #0x3c	; 60
      000109 A4                     306 	.db #0xa4	; 164
      00010A A5                     307 	.db #0xa5	; 165
      00010B A6                     308 	.db #0xa6	; 166
      00010C A7                     309 	.db #0xa7	; 167
      00010D A8                     310 	.db #0xa8	; 168
      00010E A9                     311 	.db #0xa9	; 169
      00010F AA                     312 	.db #0xaa	; 170
      000110 AB                     313 	.db #0xab	; 171
      000111 AC                     314 	.db #0xac	; 172
      000112 AD                     315 	.db #0xad	; 173
      000113 AE                     316 	.db #0xae	; 174
      000114 AF                     317 	.db #0xaf	; 175
      000115 3C                     318 	.db #0x3c	; 60
      000116 B0                     319 	.db #0xb0	; 176
      000117 00                     320 	.db #0x00	; 0
      000118 00                     321 	.db #0x00	; 0
      000119 B1                     322 	.db #0xb1	; 177
      00011A B2                     323 	.db #0xb2	; 178
      00011B B3                     324 	.db #0xb3	; 179
      00011C 3C                     325 	.db #0x3c	; 60
      00011D B4                     326 	.db #0xb4	; 180
      00011E B5                     327 	.db #0xb5	; 181
      00011F B6                     328 	.db #0xb6	; 182
      000120 B7                     329 	.db #0xb7	; 183
      000121 B8                     330 	.db #0xb8	; 184
      000122 B9                     331 	.db #0xb9	; 185
      000123 00                     332 	.db #0x00	; 0
      000124 BA                     333 	.db #0xba	; 186
      000125 90                     334 	.db #0x90	; 144
      000126 BA                     335 	.db #0xba	; 186
      000127 BB                     336 	.db #0xbb	; 187
      000128 BC                     337 	.db #0xbc	; 188
      000129 3C                     338 	.db #0x3c	; 60
      00012A BD                     339 	.db #0xbd	; 189
      00012B 00                     340 	.db #0x00	; 0
      00012C 00                     341 	.db #0x00	; 0
      00012D BE                     342 	.db #0xbe	; 190
      00012E BF                     343 	.db #0xbf	; 191
      00012F 3C                     344 	.db #0x3c	; 60
      000130 C0                     345 	.db #0xc0	; 192
      000131 C1                     346 	.db #0xc1	; 193
      000132 C2                     347 	.db #0xc2	; 194
      000133 C3                     348 	.db #0xc3	; 195
      000134 C4                     349 	.db #0xc4	; 196
      000135 C5                     350 	.db #0xc5	; 197
      000136 C6                     351 	.db #0xc6	; 198
      000137 00                     352 	.db #0x00	; 0
      000138 C7                     353 	.db #0xc7	; 199
      000139 C8                     354 	.db #0xc8	; 200
      00013A C9                     355 	.db #0xc9	; 201
      00013B CA                     356 	.db #0xca	; 202
      00013C CB                     357 	.db #0xcb	; 203
      00013D CC                     358 	.db #0xcc	; 204
      00013E 00                     359 	.db #0x00	; 0
      00013F 00                     360 	.db #0x00	; 0
      000140 00                     361 	.db #0x00	; 0
      000141 00                     362 	.db #0x00	; 0
      000142 00                     363 	.db #0x00	; 0
      000143 00                     364 	.db #0x00	; 0
      000144 00                     365 	.db #0x00	; 0
      000145 00                     366 	.db #0x00	; 0
      000146 00                     367 	.db #0x00	; 0
      000147 00                     368 	.db #0x00	; 0
      000148 00                     369 	.db #0x00	; 0
      000149 00                     370 	.db #0x00	; 0
      00014A 00                     371 	.db #0x00	; 0
      00014B 00                     372 	.db #0x00	; 0
      00014C 00                     373 	.db #0x00	; 0
      00014D 00                     374 	.db #0x00	; 0
      00014E 00                     375 	.db #0x00	; 0
      00014F 00                     376 	.db #0x00	; 0
      000150 00                     377 	.db #0x00	; 0
      000151 00                     378 	.db #0x00	; 0
      000152 00                     379 	.db #0x00	; 0
      000153 00                     380 	.db #0x00	; 0
      000154 00                     381 	.db #0x00	; 0
      000155 00                     382 	.db #0x00	; 0
      000156 00                     383 	.db #0x00	; 0
      000157 00                     384 	.db #0x00	; 0
      000158 00                     385 	.db #0x00	; 0
      000159 00                     386 	.db #0x00	; 0
      00015A 00                     387 	.db #0x00	; 0
      00015B 00                     388 	.db #0x00	; 0
      00015C 00                     389 	.db #0x00	; 0
      00015D 00                     390 	.db #0x00	; 0
      00015E 00                     391 	.db #0x00	; 0
      00015F 00                     392 	.db #0x00	; 0
      000160 00                     393 	.db #0x00	; 0
      000161 00                     394 	.db #0x00	; 0
      000162 00                     395 	.db #0x00	; 0
      000163 00                     396 	.db #0x00	; 0
      000164 00                     397 	.db #0x00	; 0
      000165 00                     398 	.db #0x00	; 0
      000166 00                     399 	.db #0x00	; 0
      000167 00                     400 	.db #0x00	; 0
                                    401 	.area _CABS (ABS)
